===== 3/23/2011 3:07:31 AM: Job 'mach altium': SYNC started by User on computer 'EXTENSA4630' =====
mach altium: D:\altium designer 9 schematic <-> L:\hk8\mach altium , SavePrevVers=30d, TmpDest, EstReq, CopyLocked, FileLinksDrill, CaseSens, Reconnect=3, ChangeLimit=10
Locking folder D:\altium designer 9 schematic for write
Locking folder L:\hk8\mach altium  for write
Create Folder 'L:\hk8\mach altium \mach 1'
Create Folder 'L:\hk8\mach altium \mach 1\History'
Copy New 'D:\altium designer 9 schematic\mach 1\History\PCB1.~(1).PcbDoc.Zip' -> 'L:\hk8\mach altium \mach 1\History\PCB1.~(1).PcbDoc.Zip'
Copy New 'D:\altium designer 9 schematic\mach 1\History\PCB1.~(2).PcbDoc.Zip' -> 'L:\hk8\mach altium \mach 1\History\PCB1.~(2).PcbDoc.Zip'
Copy New 'D:\altium designer 9 schematic\mach 1\History\PCB1.~(3).PcbDoc.Zip' -> 'L:\hk8\mach altium \mach 1\History\PCB1.~(3).PcbDoc.Zip'
Copy New 'D:\altium designer 9 schematic\mach 1\History\PCB1.~(4).PcbDoc.Zip' -> 'L:\hk8\mach altium \mach 1\History\PCB1.~(4).PcbDoc.Zip'
Copy New 'D:\altium designer 9 schematic\mach 1\History\PCB1.~(5).PcbDoc.Zip' -> 'L:\hk8\mach altium \mach 1\History\PCB1.~(5).PcbDoc.Zip'
Copy New 'D:\altium designer 9 schematic\mach 1\History\PCB_Project1.~(1).PrjPCB.Zip' -> 'L:\hk8\mach altium \mach 1\History\PCB_Project1.~(1).PrjPCB.Zip'
Copy New 'D:\altium designer 9 schematic\mach 1\History\PCB_Project1.~(2).PrjPCB.Zip' -> 'L:\hk8\mach altium \mach 1\History\PCB_Project1.~(2).PrjPCB.Zip'
Copy New 'D:\altium designer 9 schematic\mach 1\History\Sheet1.~(1).SchDoc.Zip' -> 'L:\hk8\mach altium \mach 1\History\Sheet1.~(1).SchDoc.Zip'
Create Folder 'L:\hk8\mach altium \mach 1\Project Logs for PCB_Project1'
Copy New 'D:\altium designer 9 schematic\mach 1\Project Logs for PCB_Project1\PCB1 PCB ECO 2-15-2011 5-12-47 PM.LOG' -> 'L:\hk8\mach altium \mach 1\Project Logs for PCB_Project1\PCB1 PCB ECO 2-15-2011 5-12-47 PM.LOG'
Copy New 'D:\altium designer 9 schematic\mach 1\PCB1.PcbDoc' -> 'L:\hk8\mach altium \mach 1\PCB1.PcbDoc'
Copy New 'D:\altium designer 9 schematic\mach 1\PCB1.PcbDocPreview' -> 'L:\hk8\mach altium \mach 1\PCB1.PcbDocPreview'
Copy New 'D:\altium designer 9 schematic\mach 1\PCB_Project1.Dat' -> 'L:\hk8\mach altium \mach 1\PCB_Project1.Dat'
Copy New 'D:\altium designer 9 schematic\mach 1\PCB_Project1.OutJob' -> 'L:\hk8\mach altium \mach 1\PCB_Project1.OutJob'
Copy New 'D:\altium designer 9 schematic\mach 1\PCB_Project1.pdf' -> 'L:\hk8\mach altium \mach 1\PCB_Project1.pdf'
Copy New 'D:\altium designer 9 schematic\mach 1\PCB_Project1.PrjPCB' -> 'L:\hk8\mach altium \mach 1\PCB_Project1.PrjPCB'
Copy New 'D:\altium designer 9 schematic\mach 1\PCB_Project1.PrjPCBStructure' -> 'L:\hk8\mach altium \mach 1\PCB_Project1.PrjPCBStructure'
Copy New 'D:\altium designer 9 schematic\mach 1\Sheet1.SchDoc' -> 'L:\hk8\mach altium \mach 1\Sheet1.SchDoc'
Copy New 'D:\altium designer 9 schematic\mach 1\Sheet1.SchDocPreview' -> 'L:\hk8\mach altium \mach 1\Sheet1.SchDocPreview'
Create Folder 'L:\hk8\mach altium \mach 2'
Create Folder 'L:\hk8\mach altium \mach 2\History'
Copy New 'D:\altium designer 9 schematic\mach 2\History\PIC18F14K50.~(1).SchDoc.Zip' -> 'L:\hk8\mach altium \mach 2\History\PIC18F14K50.~(1).SchDoc.Zip'
Copy New 'D:\altium designer 9 schematic\mach 2\History\PIC18F14K50.~(4).SchDoc.Zip' -> 'L:\hk8\mach altium \mach 2\History\PIC18F14K50.~(4).SchDoc.Zip'
Copy New 'D:\altium designer 9 schematic\mach 2\History\PIC18F14K50.~(5).SchDoc.Zip' -> 'L:\hk8\mach altium \mach 2\History\PIC18F14K50.~(5).SchDoc.Zip'
Copy New 'D:\altium designer 9 schematic\mach 2\History\PIC18F14K50.~(6).SchDoc.Zip' -> 'L:\hk8\mach altium \mach 2\History\PIC18F14K50.~(6).SchDoc.Zip'
Copy New 'D:\altium designer 9 schematic\mach 2\History\PIC18F14K50.~(7).SchDoc.Zip' -> 'L:\hk8\mach altium \mach 2\History\PIC18F14K50.~(7).SchDoc.Zip'
Copy New 'D:\altium designer 9 schematic\mach 2\PIC18F14K50.SchDoc' -> 'L:\hk8\mach altium \mach 2\PIC18F14K50.SchDoc'
Copy New 'D:\altium designer 9 schematic\mach 2\PIC18F14K50.SchDocPreview' -> 'L:\hk8\mach altium \mach 2\PIC18F14K50.SchDocPreview'
Create Folder 'L:\hk8\mach altium \my altium 9.4 Lib'
Create Folder 'L:\hk8\mach altium \my altium 9.4 Lib\2SC1815'
Create Folder 'L:\hk8\mach altium \my altium 9.4 Lib\2SC1815\History'
Copy New 'D:\altium designer 9 schematic\my altium 9.4 Lib\2SC1815\2SC1815.SCHLIB' -> 'L:\hk8\mach altium \my altium 9.4 Lib\2SC1815\2SC1815.SCHLIB'
Create Folder 'L:\hk8\mach altium \my altium 9.4 Lib\PIC18F14K50'
Create Folder 'L:\hk8\mach altium \my altium 9.4 Lib\PIC18F14K50\History'
Create Folder 'L:\hk8\mach altium \my altium 9.4 Lib\PIC18F14K50\History\7F651B9C'
Copy New 'D:\altium designer 9 schematic\my altium 9.4 Lib\PIC18F14K50\History\7F651B9C\2011-02-22_16-22-25.~(1).PCBLIB.Zip' -> 'L:\hk8\mach altium \my altium 9.4 Lib\PIC18F14K50\History\7F651B9C\2011-02-22_16-22-25.~(1).PCBLIB.Zip'
Copy New 'D:\altium designer 9 schematic\my altium 9.4 Lib\PIC18F14K50\History\Integrated_Library1.~(1).LibPkg.Zip' -> 'L:\hk8\mach altium \my altium 9.4 Lib\PIC18F14K50\History\Integrated_Library1.~(1).LibPkg.Zip'
Copy New 'D:\altium designer 9 schematic\my altium 9.4 Lib\PIC18F14K50\History\Integrated_Library1.~(2).LibPkg.Zip' -> 'L:\hk8\mach altium \my altium 9.4 Lib\PIC18F14K50\History\Integrated_Library1.~(2).LibPkg.Zip'
Copy New 'D:\altium designer 9 schematic\my altium 9.4 Lib\PIC18F14K50\History\Integrated_Library1.~(3).LibPkg.Zip' -> 'L:\hk8\mach altium \my altium 9.4 Lib\PIC18F14K50\History\Integrated_Library1.~(3).LibPkg.Zip'
Copy New 'D:\altium designer 9 schematic\my altium 9.4 Lib\PIC18F14K50\History\Integrated_Library1.~(4).LibPkg.Zip' -> 'L:\hk8\mach altium \my altium 9.4 Lib\PIC18F14K50\History\Integrated_Library1.~(4).LibPkg.Zip'
Copy New 'D:\altium designer 9 schematic\my altium 9.4 Lib\PIC18F14K50\History\PcbLib1.~(1).PcbLib.Zip' -> 'L:\hk8\mach altium \my altium 9.4 Lib\PIC18F14K50\History\PcbLib1.~(1).PcbLib.Zip'
Copy New 'D:\altium designer 9 schematic\my altium 9.4 Lib\PIC18F14K50\History\PcbLib1.~(2).PcbLib.Zip' -> 'L:\hk8\mach altium \my altium 9.4 Lib\PIC18F14K50\History\PcbLib1.~(2).PcbLib.Zip'
Copy New 'D:\altium designer 9 schematic\my altium 9.4 Lib\PIC18F14K50\History\PcbLib1.~(3).PcbLib.Zip' -> 'L:\hk8\mach altium \my altium 9.4 Lib\PIC18F14K50\History\PcbLib1.~(3).PcbLib.Zip'
Copy New 'D:\altium designer 9 schematic\my altium 9.4 Lib\PIC18F14K50\History\PcbLib1.~(4).PcbLib.Zip' -> 'L:\hk8\mach altium \my altium 9.4 Lib\PIC18F14K50\History\PcbLib1.~(4).PcbLib.Zip'
Copy New 'D:\altium designer 9 schematic\my altium 9.4 Lib\PIC18F14K50\History\PcbLib1.~(5).PcbLib.Zip' -> 'L:\hk8\mach altium \my altium 9.4 Lib\PIC18F14K50\History\PcbLib1.~(5).PcbLib.Zip'
Copy New 'D:\altium designer 9 schematic\my altium 9.4 Lib\PIC18F14K50\History\PcbLib1.~(6).PcbLib.Zip' -> 'L:\hk8\mach altium \my altium 9.4 Lib\PIC18F14K50\History\PcbLib1.~(6).PcbLib.Zip'
Copy New 'D:\altium designer 9 schematic\my altium 9.4 Lib\PIC18F14K50\History\PIC18F14K50.~(1).PcbDoc.Zip' -> 'L:\hk8\mach altium \my altium 9.4 Lib\PIC18F14K50\History\PIC18F14K50.~(1).PcbDoc.Zip'
Copy New 'D:\altium designer 9 schematic\my altium 9.4 Lib\PIC18F14K50\History\PIC18F14K50.~(1).SCHLIB.Zip' -> 'L:\hk8\mach altium \my altium 9.4 Lib\PIC18F14K50\History\PIC18F14K50.~(1).SCHLIB.Zip'
Copy New 'D:\altium designer 9 schematic\my altium 9.4 Lib\PIC18F14K50\History\PIC18F14K50.~(2).SCHLIB.Zip' -> 'L:\hk8\mach altium \my altium 9.4 Lib\PIC18F14K50\History\PIC18F14K50.~(2).SCHLIB.Zip'
Copy New 'D:\altium designer 9 schematic\my altium 9.4 Lib\PIC18F14K50\History\PIC18F14K50.~(3).SCHLIB.Zip' -> 'L:\hk8\mach altium \my altium 9.4 Lib\PIC18F14K50\History\PIC18F14K50.~(3).SCHLIB.Zip'
Copy New 'D:\altium designer 9 schematic\my altium 9.4 Lib\PIC18F14K50\History\PIC18F14K50.~(4).SCHLIB.Zip' -> 'L:\hk8\mach altium \my altium 9.4 Lib\PIC18F14K50\History\PIC18F14K50.~(4).SCHLIB.Zip'
Copy New 'D:\altium designer 9 schematic\my altium 9.4 Lib\PIC18F14K50\History\PIC18F14K50.~(5).SCHLIB.Zip' -> 'L:\hk8\mach altium \my altium 9.4 Lib\PIC18F14K50\History\PIC18F14K50.~(5).SCHLIB.Zip'
Copy New 'D:\altium designer 9 schematic\my altium 9.4 Lib\PIC18F14K50\History\PIC18F14K50.~(6).SCHLIB.Zip' -> 'L:\hk8\mach altium \my altium 9.4 Lib\PIC18F14K50\History\PIC18F14K50.~(6).SCHLIB.Zip'
Copy New 'D:\altium designer 9 schematic\my altium 9.4 Lib\PIC18F14K50\History\PIC18F14K50.~(7).SCHLIB.Zip' -> 'L:\hk8\mach altium \my altium 9.4 Lib\PIC18F14K50\History\PIC18F14K50.~(7).SCHLIB.Zip'
Copy New 'D:\altium designer 9 schematic\my altium 9.4 Lib\PIC18F14K50\History\PIC18F14K50.~(8).SCHLIB.Zip' -> 'L:\hk8\mach altium \my altium 9.4 Lib\PIC18F14K50\History\PIC18F14K50.~(8).SCHLIB.Zip'
Create Folder 'L:\hk8\mach altium \my altium 9.4 Lib\PIC18F14K50\Project Outputs for Integrated_Library1'
Copy New 'D:\altium designer 9 schematic\my altium 9.4 Lib\PIC18F14K50\Project Outputs for Integrated_Library1\Integrated_Library1.IntLib' -> 'L:\hk8\mach altium \my altium 9.4 Lib\PIC18F14K50\Project Outputs for Integrated_Library1\Integrated_Library1.IntLib'
Copy New 'D:\altium designer 9 schematic\my altium 9.4 Lib\PIC18F14K50\Project Outputs for Integrated_Library1\Integrated_Library1b.IntLib' -> 'L:\hk8\mach altium \my altium 9.4 Lib\PIC18F14K50\Project Outputs for Integrated_Library1\Integrated_Library1b.IntLib'
Copy New 'D:\altium designer 9 schematic\my altium 9.4 Lib\PIC18F14K50\Integrated_Library1.LibPkg' -> 'L:\hk8\mach altium \my altium 9.4 Lib\PIC18F14K50\Integrated_Library1.LibPkg'
Copy New 'D:\altium designer 9 schematic\my altium 9.4 Lib\PIC18F14K50\PcbLib1.PcbLib' -> 'L:\hk8\mach altium \my altium 9.4 Lib\PIC18F14K50\PcbLib1.PcbLib'
Copy New 'D:\altium designer 9 schematic\my altium 9.4 Lib\PIC18F14K50\PIC18F14K50.PcbDoc' -> 'L:\hk8\mach altium \my altium 9.4 Lib\PIC18F14K50\PIC18F14K50.PcbDoc'
Copy New 'D:\altium designer 9 schematic\my altium 9.4 Lib\PIC18F14K50\PIC18F14K50.PcbDocPreview' -> 'L:\hk8\mach altium \my altium 9.4 Lib\PIC18F14K50\PIC18F14K50.PcbDocPreview'
Copy New 'D:\altium designer 9 schematic\my altium 9.4 Lib\PIC18F14K50\PIC18F14K50.SCHLIB' -> 'L:\hk8\mach altium \my altium 9.4 Lib\PIC18F14K50\PIC18F14K50.SCHLIB'
Save State File D:\altium designer 9 schematic\_gsdata_\_file_state._gs
Save State File L:\hk8\mach altium \_gsdata_\_file_state._gs
Delete lock file D:\altium designer 9 schematic\_gsdata_\lock.gsl
Delete lock file L:\hk8\mach altium \_gsdata_\lock.gsl
Items Synced OK: 65, Errors: 0
===== 3/23/2011 3:07:32 AM: Sync Completed. Time: 00:00:02, Speed: 1.81 MB/s =====

